[1404:6060:0423/120006:10309466:ERROR:cache_util_win.cc(43)] Unable to move the cache: 5
[1404:6060:0423/120006:10309466:ERROR:backend_impl.cc(134)] Unable to move cache folder C:\Users\NookNook\AppData\Local\Sencha\Sencha Architect 2.2\Cache to C:\Users\NookNook\AppData\Local\Sencha\Sencha Architect 2.2\old_Cache_000
[1404:6060:0423/120006:10309466:ERROR:backend_impl.cc(221)] Unable to create cache
[6412:6464:0423/143313:19495741:ERROR:cache_util_win.cc(43)] Unable to move the cache: 5
[6412:6464:0423/143313:19495741:ERROR:backend_impl.cc(134)] Unable to move cache folder C:\Users\NookNook\AppData\Local\Sencha\Sencha Architect 2.2\Cache to C:\Users\NookNook\AppData\Local\Sencha\Sencha Architect 2.2\old_Cache_000
[6412:6464:0423/143313:19495741:ERROR:backend_impl.cc(221)] Unable to create cache
[6412:6416:0423/143322:19504867:INFO:CONSOLE(43)] "Could not find master instance 1ca95de5-fd58-4f7a-ac1a-f7c26ed9ceb7 for linked instance "component4" - the linked instance will be removed.", source: ionp:/src/frameworks/common/definitions/LinkedInstance.js?0.5165662930812687 (43)
[6412:6416:0423/143331:19514367:ERROR:window_impl.cc(55)] Failed to unregister class Chrome_WidgetWin_0. Error = 1412
[6800:6852:0423/143358:19541356:ERROR:cache_util_win.cc(43)] Unable to move the cache: 5
[6800:6852:0423/143358:19541356:ERROR:backend_impl.cc(134)] Unable to move cache folder C:\Users\NookNook\AppData\Local\Sencha\Sencha Architect 2.2\Cache to C:\Users\NookNook\AppData\Local\Sencha\Sencha Architect 2.2\old_Cache_000
[6800:6852:0423/143358:19541356:ERROR:backend_impl.cc(221)] Unable to create cache
[6800:6804:0423/143407:19550216:INFO:CONSOLE(43)] "Could not find master instance 1ca95de5-fd58-4f7a-ac1a-f7c26ed9ceb7 for linked instance "component4" - the linked instance will be removed.", source: ionp:/src/frameworks/common/definitions/LinkedInstance.js?0.4760197205469012 (43)
[6800:6804:0423/143532:19635034:ERROR:window_impl.cc(55)] Failed to unregister class Chrome_WidgetWin_0. Error = 1412
[7540:7592:0423/143621:19684003:ERROR:cache_util_win.cc(43)] Unable to move the cache: 5
[7540:7592:0423/143621:19684003:ERROR:backend_impl.cc(134)] Unable to move cache folder C:\Users\NookNook\AppData\Local\Sencha\Sencha Architect 2.2\Cache to C:\Users\NookNook\AppData\Local\Sencha\Sencha Architect 2.2\old_Cache_000
[7540:7592:0423/143621:19684003:ERROR:backend_impl.cc(221)] Unable to create cache
[7540:7544:0423/143629:19692474:INFO:CONSOLE(43)] "Could not find master instance 1ca95de5-fd58-4f7a-ac1a-f7c26ed9ceb7 for linked instance "component4" - the linked instance will be removed.", source: ionp:/src/frameworks/common/definitions/LinkedInstance.js?0.9451072809752077 (43)
[7540:7544:0423/153843:23425874:ERROR:window_impl.cc(55)] Failed to unregister class Chrome_WidgetWin_0. Error = 1412
[2424:7024:0423/153850:23433487:ERROR:cache_util_win.cc(43)] Unable to move the cache: 5
[2424:7024:0423/153850:23433487:ERROR:backend_impl.cc(134)] Unable to move cache folder C:\Users\NookNook\AppData\Local\Sencha\Sencha Architect 2.2\Cache to C:\Users\NookNook\AppData\Local\Sencha\Sencha Architect 2.2\old_Cache_000
[2424:7024:0423/153850:23433487:ERROR:backend_impl.cc(221)] Unable to create cache
[2424:2208:0423/153859:23441708:INFO:CONSOLE(43)] "Could not find master instance 1ca95de5-fd58-4f7a-ac1a-f7c26ed9ceb7 for linked instance "component4" - the linked instance will be removed.", source: ionp:/src/frameworks/common/definitions/LinkedInstance.js?0.8625434038694948 (43)
[2424:2208:0423/160836:25218731:ERROR:window_impl.cc(55)] Failed to unregister class Chrome_WidgetWin_0. Error = 1412
[6748:7584:0423/160904:25246640:ERROR:cache_util_win.cc(43)] Unable to move the cache: 5
[6748:7584:0423/160904:25246640:ERROR:backend_impl.cc(134)] Unable to move cache folder C:\Users\NookNook\AppData\Local\Sencha\Sencha Architect 2.2\Cache to C:\Users\NookNook\AppData\Local\Sencha\Sencha Architect 2.2\old_Cache_000
[6748:7584:0423/160904:25246640:ERROR:backend_impl.cc(221)] Unable to create cache
[6748:6496:0423/160912:25254892:INFO:CONSOLE(43)] "Could not find master instance 1ca95de5-fd58-4f7a-ac1a-f7c26ed9ceb7 for linked instance "component4" - the linked instance will be removed.", source: ionp:/src/frameworks/common/definitions/LinkedInstance.js?0.1846633313689381 (43)
[1016:2632:0424/145859:341517:ERROR:cache_util_win.cc(43)] Unable to move the cache: 5
[1016:2632:0424/145859:341517:ERROR:backend_impl.cc(134)] Unable to move cache folder C:\Users\Deuanz\AppData\Local\Sencha\Sencha Architect 2.2\Cache to C:\Users\Deuanz\AppData\Local\Sencha\Sencha Architect 2.2\old_Cache_000
[1016:2632:0424/145859:341517:ERROR:backend_impl.cc(221)] Unable to create cache
[1016:2136:0424/145906:348553:ERROR:window_impl.cc(55)] Failed to unregister class Chrome_WidgetWin_0. Error = 1412
[4816:1936:0424/163430:6072432:ERROR:window_impl.cc(55)] Failed to unregister class Chrome_WidgetWin_0. Error = 1412
[4844:6228:0424/184924:14166169:ERROR:window_impl.cc(55)] Failed to unregister class Chrome_WidgetWin_0. Error = 1412
[5996:6004:0425/122748:13448253:ERROR:window_impl.cc(55)] Failed to unregister class Chrome_WidgetWin_0. Error = 1412
<<<<<<< HEAD
[6072:4484:0425/180456:32044492:ERROR:cache_util_win.cc(43)] Unable to move the cache: 5
[6072:4484:0425/180456:32044492:ERROR:backend_impl.cc(134)] Unable to move cache folder C:\Users\NookNook\AppData\Local\Sencha\Sencha Architect 2.2\Cache to C:\Users\NookNook\AppData\Local\Sencha\Sencha Architect 2.2\old_Cache_000
[6072:4484:0425/180456:32044492:ERROR:backend_impl.cc(221)] Unable to create cache
[6072:7704:0425/180500:32049095:ERROR:window_impl.cc(55)] Failed to unregister class Chrome_WidgetWin_0. Error = 1412
[6548:3072:0425/180622:32130137:ERROR:cache_util_win.cc(43)] Unable to move the cache: 5
[6548:3072:0425/180622:32130137:ERROR:backend_impl.cc(134)] Unable to move cache folder C:\Users\NookNook\AppData\Local\Sencha\Sencha Architect 2.2\Cache to C:\Users\NookNook\AppData\Local\Sencha\Sencha Architect 2.2\old_Cache_000
[6548:3072:0425/180622:32130137:ERROR:backend_impl.cc(221)] Unable to create cache
[6548:6036:0425/184535:34483412:ERROR:window_impl.cc(55)] Failed to unregister class Chrome_WidgetWin_0. Error = 1412
=======
[6028:3504:0426/111558:9721841:ERROR:window_impl.cc(55)] Failed to unregister class Chrome_WidgetWin_0. Error = 1412
[3464:5856:0429/103751:5724721:ERROR:window_impl.cc(55)] Failed to unregister class Chrome_WidgetWin_0. Error = 1412
>>>>>>> refs/heads/deuanz_comatooltip
[3864:6512:0429/115829:11139173:ERROR:proxy_resolver_winhttp.cc(94)] WinHttpGetProxyForUrl failed: 12006
[3864:6512:0429/115829:11139188:ERROR:proxy_resolver_winhttp.cc(94)] WinHttpGetProxyForUrl failed: 12006
[3864:6492:0429/115829:11139220:ERROR:proxy_resolver_winhttp.cc(94)] WinHttpGetProxyForUrl failed: 12006
[3864:6684:0429/115830:11140998:ERROR:proxy_resolver_winhttp.cc(94)] WinHttpGetProxyForUrl failed: 12006
[3864:6684:0429/115921:11191792:ERROR:proxy_resolver_winhttp.cc(94)] WinHttpGetProxyForUrl failed: 12006
[3864:6684:0429/115923:11193524:ERROR:proxy_resolver_winhttp.cc(94)] WinHttpGetProxyForUrl failed: 12006
[3864:2304:0429/115923:11193773:ERROR:window_impl.cc(55)] Failed to unregister class Chrome_WidgetWin_0. Error = 1412
[5592:6888:0429/115932:11202306:ERROR:proxy_resolver_winhttp.cc(94)] WinHttpGetProxyForUrl failed: 12006
[5592:3640:0429/115952:11222899:ERROR:proxy_resolver_winhttp.cc(94)] WinHttpGetProxyForUrl failed: 12167
[5836:7152:0429/115959:11229435:ERROR:cache_util_win.cc(43)] Unable to move the cache: 5
[5836:7152:0429/115959:11229435:ERROR:backend_impl.cc(134)] Unable to move cache folder C:\Users\GG\AppData\Local\Sencha\Sencha Architect 2.2\Cache to C:\Users\GG\AppData\Local\Sencha\Sencha Architect 2.2\old_Cache_000
[5836:7152:0429/115959:11229435:ERROR:backend_impl.cc(221)] Unable to create cache
[5592:6888:0429/120002:11232337:ERROR:proxy_resolver_winhttp.cc(94)] WinHttpGetProxyForUrl failed: 12002
[6492:6580:0429/120007:11238046:ERROR:cache_util_win.cc(43)] Unable to move the cache: 5
[6492:6580:0429/120007:11238046:ERROR:backend_impl.cc(134)] Unable to move cache folder C:\Users\GG\AppData\Local\Sencha\Sencha Architect 2.2\Cache to C:\Users\GG\AppData\Local\Sencha\Sencha Architect 2.2\old_Cache_000
[6492:6580:0429/120007:11238046:ERROR:backend_impl.cc(221)] Unable to create cache
[6964:6892:0429/120009:11240043:ERROR:cache_util_win.cc(43)] Unable to move the cache: 5
[6964:6892:0429/120009:11240043:ERROR:backend_impl.cc(134)] Unable to move cache folder C:\Users\GG\AppData\Local\Sencha\Sencha Architect 2.2\Cache to C:\Users\GG\AppData\Local\Sencha\Sencha Architect 2.2\old_Cache_000
[6964:6892:0429/120009:11240043:ERROR:backend_impl.cc(221)] Unable to create cache
[6492:6484:0429/120009:11240074:ERROR:window_impl.cc(55)] Failed to unregister class Chrome_WidgetWin_0. Error = 1412
[1792:6468:0429/120010:11240745:ERROR:cache_util_win.cc(43)] Unable to move the cache: 5
[1792:6468:0429/120010:11240745:ERROR:backend_impl.cc(134)] Unable to move cache folder C:\Users\GG\AppData\Local\Sencha\Sencha Architect 2.2\Cache to C:\Users\GG\AppData\Local\Sencha\Sencha Architect 2.2\old_Cache_000
[1792:6468:0429/120010:11240745:ERROR:backend_impl.cc(221)] Unable to create cache
[5836:3944:0429/120013:11243475:ERROR:proxy_resolver_winhttp.cc(94)] WinHttpGetProxyForUrl failed: 12006
[5836:7056:0429/120014:11245020:ERROR:window_impl.cc(55)] Failed to unregister class Chrome_WidgetWin_0. Error = 1412
[5592:6848:0429/120015:11246065:ERROR:window_impl.cc(55)] Failed to unregister class Chrome_WidgetWin_0. Error = 1412
[6964:5700:0429/120033:11264036:ERROR:proxy_resolver_winhttp.cc(94)] WinHttpGetProxyForUrl failed: 12006
[1792:6636:0429/120033:11264036:ERROR:proxy_resolver_winhttp.cc(94)] WinHttpGetProxyForUrl failed: 12006
[1792:6916:0429/120033:11264083:ERROR:proxy_resolver_winhttp.cc(94)] WinHttpGetProxyForUrl failed: 12006
[6964:7088:0429/120033:11264083:ERROR:proxy_resolver_winhttp.cc(94)] WinHttpGetProxyForUrl failed: 12006
[1792:6916:0429/120034:11264566:ERROR:proxy_resolver_winhttp.cc(94)] WinHttpGetProxyForUrl failed: 12006
[1792:6916:0429/120034:11264582:ERROR:proxy_resolver_winhttp.cc(94)] WinHttpGetProxyForUrl failed: 12006
[1792:6044:0429/120034:11264582:ERROR:proxy_resolver_winhttp.cc(94)] WinHttpGetProxyForUrl failed: 12006
[6964:5480:0429/120034:11264598:ERROR:proxy_resolver_winhttp.cc(94)] WinHttpGetProxyForUrl failed: 12006
[6964:7088:0429/120034:11264598:ERROR:proxy_resolver_winhttp.cc(94)] WinHttpGetProxyForUrl failed: 12006
[6964:6328:0429/120034:11264598:ERROR:proxy_resolver_winhttp.cc(94)] WinHttpGetProxyForUrl failed: 12006
[1792:6916:0429/120036:11266579:ERROR:proxy_resolver_winhttp.cc(94)] WinHttpGetProxyForUrl failed: 12006
[1792:4200:0429/120036:11266797:ERROR:window_impl.cc(55)] Failed to unregister class Chrome_WidgetWin_0. Error = 1412
